SF:lib/core/error/failures.dart
DA:6,12
DA:8,1
DA:9,2
DA:14,0
DA:18,5
DA:22,0
DA:27,5
DA:31,5
DA:35,0
DA:39,2
DA:44,0
DA:49,0
DA:53,2
LF:13
LH:8
end_of_record
SF:lib/core/usecases/usecase.dart
DA:14,0
DA:15,0
LF:2
LH:0
end_of_record
SF:lib/features/location/domain/usecases/check_location_service.dart
DA:11,1
DA:13,1
DA:15,2
LF:3
LH:3
end_of_record
SF:lib/features/location/domain/entities/office_location.dart
DA:10,6
DA:18,2
DA:19,2
DA:20,2
DA:21,2
DA:22,2
DA:23,2
DA:24,2
LF:8
LH:8
end_of_record
SF:lib/features/location/domain/usecases/validate_geo_fence.dart
DA:12,1
DA:14,1
DA:16,2
DA:17,1
DA:18,1
DA:19,1
DA:20,1
DA:21,1
DA:33,4
DA:41,1
DA:42,1
DA:43,1
DA:44,1
DA:45,1
DA:46,1
DA:47,1
LF:16
LH:16
end_of_record
SF:lib/features/location/domain/usecases/check_location_permission.dart
DA:11,1
DA:13,1
DA:15,2
LF:3
LH:3
end_of_record
SF:lib/features/location/domain/usecases/get_office_location.dart
DA:12,1
DA:14,1
DA:16,2
LF:3
LH:3
end_of_record
SF:lib/features/location/domain/usecases/get_current_location.dart
DA:12,1
DA:14,1
DA:16,2
LF:3
LH:3
end_of_record
SF:lib/features/location/domain/usecases/save_office_location.dart
DA:13,1
DA:15,1
DA:17,3
DA:24,2
DA:26,1
DA:27,2
LF:6
LH:6
end_of_record
SF:lib/features/location/domain/usecases/calculate_distance.dart
DA:12,1
DA:14,1
DA:16,2
DA:17,1
DA:18,1
DA:19,1
DA:20,1
DA:31,4
DA:38,1
DA:39,1
DA:40,1
DA:41,1
DA:42,1
DA:43,1
LF:14
LH:14
end_of_record
SF:lib/features/location/domain/usecases/request_location_permission.dart
DA:11,1
DA:13,1
DA:15,2
LF:3
LH:3
end_of_record
SF:lib/features/location/domain/usecases/reset_office_location.dart
DA:11,0
DA:13,0
DA:15,0
LF:3
LH:0
end_of_record
SF:lib/features/location/presentation/bloc/location_bloc.dart
DA:35,1
DA:46,2
DA:47,2
DA:48,2
DA:49,2
DA:50,2
DA:51,2
DA:52,2
DA:53,2
DA:54,2
DA:55,2
DA:56,2
DA:57,2
DA:58,2
DA:61,1
DA:63,1
DA:64,1
DA:67,1
DA:71,2
DA:74,3
DA:75,1
DA:76,0
DA:77,0
DA:79,1
DA:81,0
DA:88,3
DA:89,1
DA:90,0
DA:91,0
DA:93,1
DA:95,0
DA:104,2
DA:111,1
DA:116,3
DA:117,1
DA:118,0
DA:119,0
DA:121,1
DA:123,1
DA:130,3
DA:131,1
DA:132,0
DA:133,0
DA:135,1
DA:137,0
DA:145,3
DA:146,1
DA:147,0
DA:149,0
DA:151,1
DA:153,2
DA:163,1
DA:167,2
DA:168,3
DA:169,2
DA:173,2
DA:175,1
DA:182,1
DA:186,2
DA:187,3
DA:188,6
DA:189,1
DA:190,1
DA:191,1
DA:192,1
DA:198,1
DA:202,2
DA:204,1
DA:205,1
DA:206,1
DA:207,1
DA:209,1
DA:212,2
DA:213,1
DA:216,1
DA:217,4
DA:218,3
DA:222,1
DA:226,2
DA:227,3
DA:228,1
DA:229,4
DA:230,3
DA:234,1
DA:238,2
DA:241,3
DA:242,1
DA:243,1
DA:244,3
DA:246,1
DA:248,3
DA:249,1
DA:250,0
DA:251,0
DA:253,1
DA:255,2
DA:256,1
DA:257,1
DA:258,1
DA:259,1
DA:260,1
DA:264,1
DA:265,0
DA:266,0
DA:268,1
DA:270,2
DA:271,1
DA:272,1
DA:273,1
DA:274,1
DA:275,1
DA:276,1
DA:280,1
DA:281,0
DA:282,1
DA:283,1
DA:284,1
DA:300,1
DA:304,2
DA:305,3
DA:306,1
DA:307,4
DA:308,3
DA:312,0
DA:318,0
DA:320,0
DA:321,0
DA:323,0
DA:327,0
DA:332,0
DA:335,0
DA:336,0
DA:338,0
DA:339,0
DA:340,0
DA:341,0
DA:345,0
DA:346,0
DA:351,0
DA:354,0
DA:358,0
DA:359,0
DA:362,0
DA:367,0
DA:368,0
DA:369,0
DA:373,0
DA:375,0
DA:376,0
DA:377,0
DA:378,0
DA:379,0
DA:380,0
DA:384,0
DA:385,0
DA:386,0
DA:388,0
DA:390,0
DA:391,0
DA:392,0
DA:394,0
DA:395,0
DA:397,0
DA:400,0
DA:401,0
DA:402,0
DA:403,0
DA:404,0
DA:405,0
DA:406,0
DA:410,0
DA:411,0
DA:412,0
DA:413,0
DA:414,0
DA:416,0
DA:417,0
LF:177
LH:105
end_of_record
SF:lib/features/location/presentation/bloc/location_event.dart
DA:4,2
DA:6,0
DA:7,0
DA:23,1
DA:29,0
DA:30,0
DA:49,0
DA:51,0
DA:52,0
LF:9
LH:2
end_of_record
SF:lib/features/location/presentation/bloc/location_state.dart
DA:5,3
DA:7,1
DA:8,1
DA:18,2
DA:20,1
DA:21,2
DA:27,1
DA:29,0
DA:30,0
DA:37,1
DA:42,1
DA:43,3
DA:49,1
DA:51,1
DA:52,2
DA:58,1
DA:60,1
DA:61,2
DA:69,1
DA:75,1
DA:76,4
DA:84,2
DA:86,1
DA:87,2
LF:24
LH:22
end_of_record
SF:lib/features/location/data/models/office_location_model.g.dart
DA:13,0
DA:15,0
DA:16,0
DA:17,0
DA:19,0
DA:20,0
DA:21,0
DA:22,0
DA:23,0
DA:24,0
DA:28,0
DA:31,0
DA:32,0
DA:33,0
DA:34,0
DA:35,0
DA:36,0
DA:37,0
DA:38,0
DA:39,0
DA:40,0
DA:41,0
DA:44,0
DA:45,0
DA:47,0
DA:50,0
DA:51,0
DA:52,0
LF:28
LH:0
end_of_record
SF:lib/features/location/data/models/office_location_model.dart
DA:23,2
DA:29,2
DA:37,2
DA:38,2
DA:39,2
DA:40,2
DA:41,2
DA:42,2
DA:43,2
DA:47,2
DA:48,2
DA:49,2
DA:50,2
DA:51,2
DA:52,2
DA:53,2
DA:57,0
DA:58,0
DA:59,0
DA:60,0
DA:61,0
DA:62,0
DA:63,0
DA:67,0
DA:68,0
DA:69,0
DA:70,0
DA:71,0
DA:72,0
DA:73,0
LF:30
LH:16
end_of_record
SF:lib/core/error/exceptions.dart
DA:5,1
DA:7,0
DA:8,0
DA:12,0
DA:16,1
DA:20,0
DA:24,0
DA:28,0
DA:32,0
DA:36,0
LF:10
LH:2
end_of_record
SF:lib/features/location/data/datasources/location_local_data_source.dart
DA:17,0
DA:19,0
DA:22,0
DA:24,0
DA:28,0
DA:31,0
DA:33,0
DA:37,0
DA:41,0
DA:44,0
DA:46,0
LF:11
LH:0
end_of_record
SF:lib/features/location/data/repositories/location_repository_impl.dart
DA:16,1
DA:18,0
DA:22,0
DA:32,0
DA:33,0
DA:34,0
DA:35,0
DA:42,0
DA:51,0
DA:58,0
DA:60,0
DA:61,0
DA:66,0
DA:73,0
DA:76,1
DA:81,1
DA:82,2
DA:84,1
DA:85,3
DA:87,4
DA:91,1
DA:94,2
DA:95,2
DA:96,1
DA:97,3
DA:99,0
DA:103,1
DA:106,2
DA:108,1
DA:109,3
DA:111,0
DA:115,1
DA:123,1
DA:129,1
DA:131,0
DA:132,0
DA:137,1
DA:140,1
DA:141,0
DA:142,0
DA:143,0
DA:146,1
DA:147,1
DA:148,2
DA:154,0
DA:157,0
DA:158,0
DA:159,0
DA:160,0
DA:163,0
DA:164,0
DA:165,0
DA:171,1
DA:174,1
DA:175,0
DA:177,1
DA:178,3
DA:183,1
DA:192,1
DA:198,2
DA:200,0
DA:201,0
LF:62
LH:31
end_of_record
SF:lib/core/constants/hive_keys.dart
DA:2,0
LF:1
LH:0
end_of_record
SF:lib/core/utils/distance_calculator.dart
DA:6,1
DA:14,2
DA:15,2
DA:18,6
DA:19,3
DA:20,3
DA:21,3
DA:22,2
DA:24,5
DA:26,1
DA:29,1
DA:30,2
DA:34,0
DA:41,0
DA:47,0
DA:51,0
DA:52,0
DA:53,0
DA:55,0
LF:19
LH:12
end_of_record
